2025-04-04 10:24:45.112965 - Received CBT.V508.FILE480.PDS from FILE480.XMI 
2025-04-04 10:24:45.115199 - Found $$$#DATE.txt (text/plain) in CBT.V508.FILE480.PDS, moved to PDS/$$$#DATE
2025-04-04 10:24:45.115353 - Found $$$INDEX.txt (text/plain) in CBT.V508.FILE480.PDS, moved to PDS/$$$INDEX
2025-04-04 10:24:45.115486 - Found $$INDEXE.txt (text/plain) in CBT.V508.FILE480.PDS, moved to PDS/$$INDEXE
2025-04-04 10:24:45.115643 - Found @FILE480.txt (text/plain) in CBT.V508.FILE480.PDS, moved to PDS/@FILE480
2025-04-04 10:24:45.115782 - Found CALCUL.rexx (text/plain) in CBT.V508.FILE480.PDS, moved to PDS/CALCUL
2025-04-04 10:24:45.115902 - Found CALCULP.txt (text/plain) in CBT.V508.FILE480.PDS, moved to PDS/CALCULP
2025-04-04 10:24:45.116024 - Found CKDATEJ.jcl (text/plain) in CBT.V508.FILE480.PDS, moved to PDS/CKDATEJ
2025-04-04 10:24:45.116145 - Found CKDATEP.txt (text/plain) in CBT.V508.FILE480.PDS, moved to PDS/CKDATEP
2025-04-04 10:24:45.116415 - Found CKDATEX.rexx (text/plain) in CBT.V508.FILE480.PDS, moved to PDS/CKDATEX
2025-04-04 10:24:45.116543 - Found CKDELMEJ.jcl (text/plain) in CBT.V508.FILE480.PDS, moved to PDS/CKDELMEJ
2025-04-04 10:24:45.116665 - Found CKDELMEM.txt (text/plain) in CBT.V508.FILE480.PDS, moved to PDS/CKDELMEM
2025-04-04 10:24:45.116788 - Found CKFINAL.txt (text/plain) in CBT.V508.FILE480.PDS, moved to PDS/CKFINAL
2025-04-04 10:24:45.116913 - Found CKIEBGE$.jcl (text/plain) in CBT.V508.FILE480.PDS, moved to PDS/CKIEBGE$
2025-04-04 10:24:45.117051 - Found CKIEBGE#.jcl (text/plain) in CBT.V508.FILE480.PDS, moved to PDS/CKIEBGE#
2025-04-04 10:24:45.117167 - Found CKIEBGE@.txt (text/plain) in CBT.V508.FILE480.PDS, moved to PDS/CKIEBGE@
2025-04-04 10:24:45.117284 - Found CKIEBGEJ.jcl (text/plain) in CBT.V508.FILE480.PDS, moved to PDS/CKIEBGEJ
2025-04-04 10:24:45.117408 - Found CKIEBGEK.jcl (text/plain) in CBT.V508.FILE480.PDS, moved to PDS/CKIEBGEK
2025-04-04 10:24:45.117536 - Found CKIEBGEN.txt (text/plain) in CBT.V508.FILE480.PDS, moved to PDS/CKIEBGEN
2025-04-04 10:24:45.117665 - Found CKIEBGEO.txt (text/plain) in CBT.V508.FILE480.PDS, moved to PDS/CKIEBGEO
2025-04-04 10:24:45.117780 - Found CKIEBG07.txt (text/plain) in CBT.V508.FILE480.PDS, moved to PDS/CKIEBG07
2025-04-04 10:24:45.117936 - Found CKIEBG08.txt (text/plain) in CBT.V508.FILE480.PDS, moved to PDS/CKIEBG08
2025-04-04 10:24:45.118142 - Found CKINICIO.txt (text/plain) in CBT.V508.FILE480.PDS, moved to PDS/CKINICIO
2025-04-04 10:24:45.118301 - Found CKLEVEL.txt (text/plain) in CBT.V508.FILE480.PDS, moved to PDS/CKLEVEL
2025-04-04 10:24:45.118433 - Found CKLEVELJ.jcl (text/plain) in CBT.V508.FILE480.PDS, moved to PDS/CKLEVELJ
2025-04-04 10:24:45.118567 - Found CKLOCMEJ.jcl (text/plain) in CBT.V508.FILE480.PDS, moved to PDS/CKLOCMEJ
2025-04-04 10:24:45.118688 - Found CKLOCMEM.txt (text/plain) in CBT.V508.FILE480.PDS, moved to PDS/CKLOCMEM
2025-04-04 10:24:45.118805 - Found CKRENMEJ.jcl (text/plain) in CBT.V508.FILE480.PDS, moved to PDS/CKRENMEJ
2025-04-04 10:24:45.118924 - Found CKRENMEM.txt (text/plain) in CBT.V508.FILE480.PDS, moved to PDS/CKRENMEM
2025-04-04 10:24:45.119050 - Found CKSTJOB.txt (text/plain) in CBT.V508.FILE480.PDS, moved to PDS/CKSTJOB
2025-04-04 10:24:45.119177 - Found CKSTJOBJ.jcl (text/plain) in CBT.V508.FILE480.PDS, moved to PDS/CKSTJOBJ
2025-04-04 10:24:45.119293 - Found CKSYMB.txt (text/plain) in CBT.V508.FILE480.PDS, moved to PDS/CKSYMB
2025-04-04 10:24:45.119426 - Found CKSYMBOL.txt (text/plain) in CBT.V508.FILE480.PDS, moved to PDS/CKSYMBOL
2025-04-04 10:24:45.119544 - Found CKSYMBP.txt (text/plain) in CBT.V508.FILE480.PDS, moved to PDS/CKSYMBP
2025-04-04 10:24:45.119660 - Found CKUSOJ.jcl (text/plain) in CBT.V508.FILE480.PDS, moved to PDS/CKUSOJ
2025-04-04 10:24:45.119779 - Found CKUSOP.txt (text/plain) in CBT.V508.FILE480.PDS, moved to PDS/CKUSOP
2025-04-04 10:24:45.119898 - Found CKUSOX.rexx (text/plain) in CBT.V508.FILE480.PDS, moved to PDS/CKUSOX
2025-04-04 10:24:45.120013 - Found CKYAESTA.txt (text/plain) in CBT.V508.FILE480.PDS, moved to PDS/CKYAESTA
2025-04-04 10:24:45.120128 - Found CKYAESTJ.jcl (text/plain) in CBT.V508.FILE480.PDS, moved to PDS/CKYAESTJ
2025-04-04 10:24:45.120253 - Found LLENAR.txt (text/plain) in CBT.V508.FILE480.PDS, moved to PDS/LLENAR
2025-04-04 10:24:45.120389 - Found LOADLIB.xmi (application/xmit) in CBT.V508.FILE480.PDS, moved to PDS/LOADLIB.xmi
2025-04-04 10:24:45.137903 - Received SBGOLOB.FILE480.LOADLIB from LOADLIB.xmi 
2025-04-04 10:24:45.138426 - Found CKDELMEM.bin (application/octet-stream) in SBGOLOB.FILE480.LOADLIB, moved to LOADLIB/CKDELMEM
2025-04-04 10:24:45.138571 - Found CKIEBGEN.bin (application/octet-stream) in SBGOLOB.FILE480.LOADLIB, moved to LOADLIB/CKIEBGEN
2025-04-04 10:24:45.138707 - Found CKLEVEL.bin (application/octet-stream) in SBGOLOB.FILE480.LOADLIB, moved to LOADLIB/CKLEVEL
2025-04-04 10:24:45.138826 - Found CKLOCMEM.bin (application/octet-stream) in SBGOLOB.FILE480.LOADLIB, moved to LOADLIB/CKLOCMEM
2025-04-04 10:24:45.138947 - Found CKRENMEM.bin (application/octet-stream) in SBGOLOB.FILE480.LOADLIB, moved to LOADLIB/CKRENMEM
2025-04-04 10:24:45.139078 - Found CKSTJOB.bin (application/octet-stream) in SBGOLOB.FILE480.LOADLIB, moved to LOADLIB/CKSTJOB
2025-04-04 10:24:45.139194 - Found CKSYMBOL.bin (application/octet-stream) in SBGOLOB.FILE480.LOADLIB, moved to LOADLIB/CKSYMBOL
2025-04-04 10:24:45.139306 - Found CKYAESTA.bin (application/octet-stream) in SBGOLOB.FILE480.LOADLIB, moved to LOADLIB/CKYAESTA
2025-04-04 10:24:45.139438 - Found LIMENLOG.bin (application/octet-stream) in SBGOLOB.FILE480.LOADLIB, moved to LOADLIB/LIMENLOG
2025-04-04 10:24:45.139576 - Found MENSAJE.bin (application/octet-stream) in SBGOLOB.FILE480.LOADLIB, moved to LOADLIB/MENSAJE
2025-04-04 10:24:45.139706 - Found PRESTA4.bin (application/octet-stream) in SBGOLOB.FILE480.LOADLIB, moved to LOADLIB/PRESTA4
2025-04-04 10:24:45.139845 - Found VERDSN.bin (application/octet-stream) in SBGOLOB.FILE480.LOADLIB, moved to LOADLIB/VERDSN
2025-04-04 10:24:45.140559 - Found MENSAJE.txt (text/plain) in CBT.V508.FILE480.PDS, moved to PDS/MENSAJE
2025-04-04 10:24:45.140710 - Found MESES.txt (text/plain) in CBT.V508.FILE480.PDS, moved to PDS/MESES
2025-04-04 10:24:45.140848 - Found MESP1.bin (application/octet-stream) in CBT.V508.FILE480.PDS, moved to PDS/MESP1
2025-04-04 10:24:45.140986 - Found MESP2.bin (application/octet-stream) in CBT.V508.FILE480.PDS, moved to PDS/MESP2
2025-04-04 10:24:45.141114 - Found MESP3.bin (application/octet-stream) in CBT.V508.FILE480.PDS, moved to PDS/MESP3
2025-04-04 10:24:45.141251 - Found PRESTA.txt (text/plain) in CBT.V508.FILE480.PDS, moved to PDS/PRESTA
2025-04-04 10:24:45.141375 - Found PRESTAMO.txt (text/plain) in CBT.V508.FILE480.PDS, moved to PDS/PRESTAMO
2025-04-04 10:24:45.141493 - Found PRESTA4.txt (text/plain) in CBT.V508.FILE480.PDS, moved to PDS/PRESTA4
2025-04-04 10:24:45.141619 - Found SUMAR.txt (text/plain) in CBT.V508.FILE480.PDS, moved to PDS/SUMAR
2025-04-04 10:24:45.141741 - Found VERDSN.rexx (text/plain) in CBT.V508.FILE480.PDS, moved to PDS/VERDSN
2025-04-04 10:24:45.141863 - Found VERDSNP.txt (text/plain) in CBT.V508.FILE480.PDS, moved to PDS/VERDSNP
2025-04-04 10:24:45.141985 - Found VERDSNS.txt (text/plain) in CBT.V508.FILE480.PDS, moved to PDS/VERDSNS
2025-04-04 10:24:45.142114 - Found VER00.txt (text/plain) in CBT.V508.FILE480.PDS, moved to PDS/VER00
